[11-Dec-2017 10:15:34 UTC] PHP Warning:  Division by zero in /home/ubuntu/workspace/teachers/index.php on line 24
[11-Dec-2017 10:15:34 UTC] PHP Stack trace:
[11-Dec-2017 10:15:34 UTC] PHP   1. {main}() /home/ubuntu/workspace/teachers/index.php:0
[11-Dec-2017 10:23:28 UTC] PHP Warning:  Division by zero in /home/ubuntu/workspace/teachers/index.php on line 24
[11-Dec-2017 10:23:28 UTC] PHP Stack trace:
[11-Dec-2017 10:23:28 UTC] PHP   1. {main}() /home/ubuntu/workspace/teachers/index.php:0
[11-Dec-2017 10:23:28 UTC] PHP Warning:  Division by zero in /home/ubuntu/workspace/teachers/index.php on line 24
[11-Dec-2017 10:23:28 UTC] PHP Stack trace:
[11-Dec-2017 10:23:28 UTC] PHP   1. {main}() /home/ubuntu/workspace/teachers/index.php:0
[11-Dec-2017 10:24:31 UTC] PHP Warning:  Division by zero in /home/ubuntu/workspace/teachers/index.php on line 24
[11-Dec-2017 10:24:31 UTC] PHP Stack trace:
[11-Dec-2017 10:24:31 UTC] PHP   1. {main}() /home/ubuntu/workspace/teachers/index.php:0
[11-Dec-2017 10:24:50 UTC] PHP Warning:  Division by zero in /home/ubuntu/workspace/teachers/index.php on line 24
[11-Dec-2017 10:24:50 UTC] PHP Stack trace:
[11-Dec-2017 10:24:50 UTC] PHP   1. {main}() /home/ubuntu/workspace/teachers/index.php:0
[12-Dec-2017 19:52:18 UTC] PHP Warning:  Division by zero in /home/ubuntu/workspace/teachers/index.php on line 24
[12-Dec-2017 19:52:18 UTC] PHP Stack trace:
[12-Dec-2017 19:52:18 UTC] PHP   1. {main}() /home/ubuntu/workspace/teachers/index.php:0
[12-Dec-2017 19:58:47 UTC] PHP Warning:  Division by zero in /home/ubuntu/workspace/teachers/index.php on line 24
[12-Dec-2017 19:58:47 UTC] PHP Stack trace:
[12-Dec-2017 19:58:47 UTC] PHP   1. {main}() /home/ubuntu/workspace/teachers/index.php:0
[12-Dec-2017 20:05:43 UTC] PHP Warning:  mysqli_fetch_array() expects parameter 1 to be mysqli_result, boolean given in /home/ubuntu/workspace/html/session/manage-classes.html.php on line 43
[12-Dec-2017 20:05:43 UTC] PHP Stack trace:
[12-Dec-2017 20:05:43 UTC] PHP   1. {main}() /home/ubuntu/workspace/teachers/classes.php:0
[12-Dec-2017 20:05:43 UTC] PHP   2. require_once() /home/ubuntu/workspace/teachers/classes.php:13
[12-Dec-2017 20:05:43 UTC] PHP   3. mysqli_fetch_array() /home/ubuntu/workspace/html/session/manage-classes.html.php:43
[12-Dec-2017 20:05:45 UTC] PHP Warning:  mysqli_fetch_array() expects parameter 1 to be mysqli_result, boolean given in /home/ubuntu/workspace/html/session/manage-students.html.php on line 46
[12-Dec-2017 20:05:45 UTC] PHP Stack trace:
[12-Dec-2017 20:05:45 UTC] PHP   1. {main}() /home/ubuntu/workspace/teachers/students.php:0
[12-Dec-2017 20:05:45 UTC] PHP   2. require_once() /home/ubuntu/workspace/teachers/students.php:15
[12-Dec-2017 20:05:45 UTC] PHP   3. mysqli_fetch_array() /home/ubuntu/workspace/html/session/manage-students.html.php:46
[12-Dec-2017 20:05:46 UTC] PHP Warning:  mysqli_fetch_array() expects parameter 1 to be mysqli_result, boolean given in /home/ubuntu/workspace/html/session/manage-teachers.html.php on line 43
[12-Dec-2017 20:05:46 UTC] PHP Stack trace:
[12-Dec-2017 20:05:46 UTC] PHP   1. {main}() /home/ubuntu/workspace/teachers/teachers.php:0
[12-Dec-2017 20:05:46 UTC] PHP   2. require_once() /home/ubuntu/workspace/teachers/teachers.php:15
[12-Dec-2017 20:05:46 UTC] PHP   3. mysqli_fetch_array() /home/ubuntu/workspace/html/session/manage-teachers.html.php:43
[12-Dec-2017 20:05:47 UTC] PHP Warning:  mysqli_fetch_array() expects parameter 1 to be mysqli_result, boolean given in /home/ubuntu/workspace/html/session/manage-students.html.php on line 46
[12-Dec-2017 20:05:47 UTC] PHP Stack trace:
[12-Dec-2017 20:05:47 UTC] PHP   1. {main}() /home/ubuntu/workspace/teachers/students.php:0
[12-Dec-2017 20:05:47 UTC] PHP   2. require_once() /home/ubuntu/workspace/teachers/students.php:15
[12-Dec-2017 20:05:47 UTC] PHP   3. mysqli_fetch_array() /home/ubuntu/workspace/html/session/manage-students.html.php:46
[12-Dec-2017 20:05:49 UTC] PHP Warning:  mysqli_fetch_array() expects parameter 1 to be mysqli_result, boolean given in /home/ubuntu/workspace/html/session/manage-teachers.html.php on line 43
[12-Dec-2017 20:05:49 UTC] PHP Stack trace:
[12-Dec-2017 20:05:49 UTC] PHP   1. {main}() /home/ubuntu/workspace/teachers/teachers.php:0
[12-Dec-2017 20:05:49 UTC] PHP   2. require_once() /home/ubuntu/workspace/teachers/teachers.php:15
[12-Dec-2017 20:05:49 UTC] PHP   3. mysqli_fetch_array() /home/ubuntu/workspace/html/session/manage-teachers.html.php:43
[12-Dec-2017 20:05:50 UTC] PHP Warning:  mysqli_fetch_array() expects parameter 1 to be mysqli_result, boolean given in /home/ubuntu/workspace/html/session/manage-students.html.php on line 46
[12-Dec-2017 20:05:50 UTC] PHP Stack trace:
[12-Dec-2017 20:05:50 UTC] PHP   1. {main}() /home/ubuntu/workspace/teachers/students.php:0
[12-Dec-2017 20:05:50 UTC] PHP   2. require_once() /home/ubuntu/workspace/teachers/students.php:15
[12-Dec-2017 20:05:50 UTC] PHP   3. mysqli_fetch_array() /home/ubuntu/workspace/html/session/manage-students.html.php:46
[12-Dec-2017 20:05:51 UTC] PHP Warning:  mysqli_fetch_array() expects parameter 1 to be mysqli_result, boolean given in /home/ubuntu/workspace/html/session/manage-teachers.html.php on line 43
[12-Dec-2017 20:05:51 UTC] PHP Stack trace:
[12-Dec-2017 20:05:51 UTC] PHP   1. {main}() /home/ubuntu/workspace/teachers/teachers.php:0
[12-Dec-2017 20:05:51 UTC] PHP   2. require_once() /home/ubuntu/workspace/teachers/teachers.php:15
[12-Dec-2017 20:05:51 UTC] PHP   3. mysqli_fetch_array() /home/ubuntu/workspace/html/session/manage-teachers.html.php:43
[12-Dec-2017 20:05:53 UTC] PHP Warning:  mysqli_fetch_array() expects parameter 1 to be mysqli_result, boolean given in /home/ubuntu/workspace/html/session/manage-students.html.php on line 46
[12-Dec-2017 20:05:53 UTC] PHP Stack trace:
[12-Dec-2017 20:05:53 UTC] PHP   1. {main}() /home/ubuntu/workspace/teachers/students.php:0
[12-Dec-2017 20:05:53 UTC] PHP   2. require_once() /home/ubuntu/workspace/teachers/students.php:15
[12-Dec-2017 20:05:53 UTC] PHP   3. mysqli_fetch_array() /home/ubuntu/workspace/html/session/manage-students.html.php:46
[12-Dec-2017 20:32:25 UTC] PHP Warning:  require_once(bootstrap/bootstrap.php): failed to open stream: No such file or directory in /home/ubuntu/workspace/new/index.php on line 1
[12-Dec-2017 20:32:25 UTC] PHP Stack trace:
[12-Dec-2017 20:32:25 UTC] PHP   1. {main}() /home/ubuntu/workspace/new/index.php:0
[12-Dec-2017 20:32:25 UTC] PHP Fatal error:  require_once(): Failed opening required 'bootstrap/bootstrap.php' (include_path='.:/usr/share/php:/usr/share/pear') in /home/ubuntu/workspace/new/index.php on line 1
[12-Dec-2017 20:32:25 UTC] PHP Stack trace:
[12-Dec-2017 20:32:25 UTC] PHP   1. {main}() /home/ubuntu/workspace/new/index.php:0
[12-Dec-2017 21:04:54 UTC] PHP Parse error:  syntax error, unexpected '$encrypt3' (T_VARIABLE) in /home/ubuntu/workspace/new/register.php on line 14
[12-Dec-2017 21:05:04 UTC] PHP Parse error:  syntax error, unexpected '$encrypt3' (T_VARIABLE) in /home/ubuntu/workspace/new/register.php on line 14
[24-Jan-2018 01:28:01 UTC] PHP Warning:  mysqli_fetch_array() expects parameter 1 to be mysqli_result, boolean given in /home/ubuntu/workspace/html/session/manage-students.html.php on line 46
[24-Jan-2018 01:28:01 UTC] PHP Stack trace:
[24-Jan-2018 01:28:01 UTC] PHP   1. {main}() /home/ubuntu/workspace/teachers/students.php:0
[24-Jan-2018 01:28:01 UTC] PHP   2. require_once() /home/ubuntu/workspace/teachers/students.php:15
[24-Jan-2018 01:28:01 UTC] PHP   3. mysqli_fetch_array() /home/ubuntu/workspace/html/session/manage-students.html.php:46
[24-Jan-2018 01:28:17 UTC] PHP Warning:  mysqli_fetch_array() expects parameter 1 to be mysqli_result, boolean given in /home/ubuntu/workspace/html/session/manage-teachers.html.php on line 43
[24-Jan-2018 01:28:17 UTC] PHP Stack trace:
[24-Jan-2018 01:28:17 UTC] PHP   1. {main}() /home/ubuntu/workspace/teachers/teachers.php:0
[24-Jan-2018 01:28:17 UTC] PHP   2. require_once() /home/ubuntu/workspace/teachers/teachers.php:15
[24-Jan-2018 01:28:17 UTC] PHP   3. mysqli_fetch_array() /home/ubuntu/workspace/html/session/manage-teachers.html.php:43
[24-Jan-2018 01:28:22 UTC] PHP Warning:  mysqli_fetch_array() expects parameter 1 to be mysqli_result, boolean given in /home/ubuntu/workspace/html/session/manage-classes.html.php on line 43
[24-Jan-2018 01:28:22 UTC] PHP Stack trace:
[24-Jan-2018 01:28:22 UTC] PHP   1. {main}() /home/ubuntu/workspace/teachers/classes.php:0
[24-Jan-2018 01:28:22 UTC] PHP   2. require_once() /home/ubuntu/workspace/teachers/classes.php:13
[24-Jan-2018 01:28:22 UTC] PHP   3. mysqli_fetch_array() /home/ubuntu/workspace/html/session/manage-classes.html.php:43
[24-Jan-2018 01:28:24 UTC] PHP Warning:  mysqli_fetch_array() expects parameter 1 to be mysqli_result, boolean given in /home/ubuntu/workspace/html/session/manage-students.html.php on line 46
[24-Jan-2018 01:28:24 UTC] PHP Stack trace:
[24-Jan-2018 01:28:24 UTC] PHP   1. {main}() /home/ubuntu/workspace/teachers/students.php:0
[24-Jan-2018 01:28:24 UTC] PHP   2. require_once() /home/ubuntu/workspace/teachers/students.php:15
[24-Jan-2018 01:28:24 UTC] PHP   3. mysqli_fetch_array() /home/ubuntu/workspace/html/session/manage-students.html.php:46
[24-Jan-2018 01:28:24 UTC] PHP Warning:  mysqli_fetch_array() expects parameter 1 to be mysqli_result, boolean given in /home/ubuntu/workspace/html/session/manage-teachers.html.php on line 43
[24-Jan-2018 01:28:24 UTC] PHP Stack trace:
[24-Jan-2018 01:28:24 UTC] PHP   1. {main}() /home/ubuntu/workspace/teachers/teachers.php:0
[24-Jan-2018 01:28:24 UTC] PHP   2. require_once() /home/ubuntu/workspace/teachers/teachers.php:15
[24-Jan-2018 01:28:24 UTC] PHP   3. mysqli_fetch_array() /home/ubuntu/workspace/html/session/manage-teachers.html.php:43
[24-Jan-2018 01:28:25 UTC] PHP Warning:  mysqli_fetch_array() expects parameter 1 to be mysqli_result, boolean given in /home/ubuntu/workspace/html/session/manage-classes.html.php on line 43
[24-Jan-2018 01:28:25 UTC] PHP Stack trace:
[24-Jan-2018 01:28:25 UTC] PHP   1. {main}() /home/ubuntu/workspace/teachers/classes.php:0
[24-Jan-2018 01:28:25 UTC] PHP   2. require_once() /home/ubuntu/workspace/teachers/classes.php:13
[24-Jan-2018 01:28:25 UTC] PHP   3. mysqli_fetch_array() /home/ubuntu/workspace/html/session/manage-classes.html.php:43
